<?xml version="1.0" encoding="UTF-8"?>
<!-- Generated by org.testng.reporters.JUnitXMLReporter -->
<testsuite ignored="0" hostname="DESKTOP-H7JOT3B" failures="0" tests="6" name="Default test" time="272.755" errors="0" timestamp="2023-09-06T11:00:04 IST">
  <testcase classname="testCase.TC01" name="verifyCookiesHandle" time="0.649"/>
  <testcase classname="testCase.TC01" name="verifyGetWindowHandle" time="5.988"/>
  <testcase classname="testCase.TC01" name="verifyLoginWithValidCredential" time="15.25"/>
  <testcase classname="testCase.TC01" name="verifyMouseHover" time="0.509"/>
  <testcase classname="testCase.TC01" name="verifyScrollDown" time="4.477"/>
  <testcase classname="testCase.TC01" name="verifyScrollUp" time="0.612"/>
</testsuite> <!-- Default test -->
