<?xml version="1.0" encoding="UTF-8"?>
<testng-results ignored="0" total="6" passed="6" failed="0" skipped="0">
  <reporter-output>
  </reporter-output>
  <suite started-at="2023-09-06T10:55:29 IST" name="Default suite" finished-at="2023-09-06T11:00:02 IST" duration-ms="272755">
    <groups>
    </groups>
    <test started-at="2023-09-06T10:55:29 IST" name="Default test" finished-at="2023-09-06T11:00:02 IST" duration-ms="272755">
      <class name="testCase.TC01">
        <test-method is-config="true" signature="BeforeMethod()[pri:0, instance:testCase.TC01@2e8c1c9b]" started-at="2023-09-06T10:55:29 IST" name="BeforeMethod" finished-at="2023-09-06T10:56:51 IST" duration-ms="81944" status="PASS">
          <reporter-output>
          </reporter-output>
        </test-method> <!-- BeforeMethod -->
        <test-method signature="verifyCookiesHandle()[pri:0, instance:testCase.TC01@2e8c1c9b]" started-at="2023-09-06T10:56:51 IST" name="verifyCookiesHandle" finished-at="2023-09-06T10:56:52 IST" duration-ms="649" status="PASS">
          <reporter-output>
          </reporter-output>
        </test-method> <!-- verifyCookiesHandle -->
        <test-method is-config="true" signature="afterMethod()[pri:0, instance:testCase.TC01@2e8c1c9b]" started-at="2023-09-06T10:56:52 IST" name="afterMethod" finished-at="2023-09-06T10:56:53 IST" duration-ms="1252" status="PASS">
          <reporter-output>
          </reporter-output>
        </test-method> <!-- afterMethod -->
        <test-method is-config="true" signature="BeforeMethod()[pri:0, instance:testCase.TC01@2e8c1c9b]" started-at="2023-09-06T10:56:53 IST" name="BeforeMethod" finished-at="2023-09-06T10:57:39 IST" duration-ms="45666" status="PASS">
          <reporter-output>
          </reporter-output>
        </test-method> <!-- BeforeMethod -->
        <test-method signature="verifyGetWindowHandle()[pri:0, instance:testCase.TC01@2e8c1c9b]" started-at="2023-09-06T10:57:39 IST" name="verifyGetWindowHandle" finished-at="2023-09-06T10:57:45 IST" duration-ms="5988" status="PASS">
          <reporter-output>
          </reporter-output>
        </test-method> <!-- verifyGetWindowHandle -->
        <test-method is-config="true" signature="afterMethod()[pri:0, instance:testCase.TC01@2e8c1c9b]" started-at="2023-09-06T10:57:45 IST" name="afterMethod" finished-at="2023-09-06T10:57:46 IST" duration-ms="1822" status="PASS">
          <reporter-output>
          </reporter-output>
        </test-method> <!-- afterMethod -->
        <test-method is-config="true" signature="BeforeMethod()[pri:0, instance:testCase.TC01@2e8c1c9b]" started-at="2023-09-06T10:57:46 IST" name="BeforeMethod" finished-at="2023-09-06T10:58:11 IST" duration-ms="25074" status="PASS">
          <reporter-output>
          </reporter-output>
        </test-method> <!-- BeforeMethod -->
        <test-method signature="verifyLoginWithValidCredential()[pri:0, instance:testCase.TC01@2e8c1c9b]" started-at="2023-09-06T10:58:11 IST" name="verifyLoginWithValidCredential" finished-at="2023-09-06T10:58:27 IST" duration-ms="15250" status="PASS">
          <reporter-output>
          </reporter-output>
        </test-method> <!-- verifyLoginWithValidCredential -->
        <test-method is-config="true" signature="afterMethod()[pri:0, instance:testCase.TC01@2e8c1c9b]" started-at="2023-09-06T10:58:27 IST" name="afterMethod" finished-at="2023-09-06T10:58:28 IST" duration-ms="1727" status="PASS">
          <reporter-output>
          </reporter-output>
        </test-method> <!-- afterMethod -->
        <test-method is-config="true" signature="BeforeMethod()[pri:0, instance:testCase.TC01@2e8c1c9b]" started-at="2023-09-06T10:58:28 IST" name="BeforeMethod" finished-at="2023-09-06T10:58:54 IST" duration-ms="25258" status="PASS">
          <reporter-output>
          </reporter-output>
        </test-method> <!-- BeforeMethod -->
        <test-method signature="verifyMouseHover()[pri:0, instance:testCase.TC01@2e8c1c9b]" started-at="2023-09-06T10:58:54 IST" name="verifyMouseHover" finished-at="2023-09-06T10:58:54 IST" duration-ms="509" status="PASS">
          <reporter-output>
          </reporter-output>
        </test-method> <!-- verifyMouseHover -->
        <test-method is-config="true" signature="afterMethod()[pri:0, instance:testCase.TC01@2e8c1c9b]" started-at="2023-09-06T10:58:54 IST" name="afterMethod" finished-at="2023-09-06T10:58:58 IST" duration-ms="3425" status="PASS">
          <reporter-output>
          </reporter-output>
        </test-method> <!-- afterMethod -->
        <test-method is-config="true" signature="BeforeMethod()[pri:0, instance:testCase.TC01@2e8c1c9b]" started-at="2023-09-06T10:58:58 IST" name="BeforeMethod" finished-at="2023-09-06T10:59:23 IST" duration-ms="25652" status="PASS">
          <reporter-output>
          </reporter-output>
        </test-method> <!-- BeforeMethod -->
        <test-method signature="verifyScrollDown()[pri:0, instance:testCase.TC01@2e8c1c9b]" started-at="2023-09-06T10:59:23 IST" name="verifyScrollDown" finished-at="2023-09-06T10:59:28 IST" duration-ms="4477" status="PASS">
          <reporter-output>
          </reporter-output>
        </test-method> <!-- verifyScrollDown -->
        <test-method is-config="true" signature="afterMethod()[pri:0, instance:testCase.TC01@2e8c1c9b]" started-at="2023-09-06T10:59:28 IST" name="afterMethod" finished-at="2023-09-06T10:59:30 IST" duration-ms="2145" status="PASS">
          <reporter-output>
          </reporter-output>
        </test-method> <!-- afterMethod -->
        <test-method is-config="true" signature="BeforeMethod()[pri:0, instance:testCase.TC01@2e8c1c9b]" started-at="2023-09-06T10:59:30 IST" name="BeforeMethod" finished-at="2023-09-06T10:59:59 IST" duration-ms="28884" status="PASS">
          <reporter-output>
          </reporter-output>
        </test-method> <!-- BeforeMethod -->
        <test-method signature="verifyScrollUp()[pri:0, instance:testCase.TC01@2e8c1c9b]" started-at="2023-09-06T10:59:59 IST" name="verifyScrollUp" finished-at="2023-09-06T10:59:59 IST" duration-ms="612" status="PASS">
          <reporter-output>
          </reporter-output>
        </test-method> <!-- verifyScrollUp -->
        <test-method is-config="true" signature="afterMethod()[pri:0, instance:testCase.TC01@2e8c1c9b]" started-at="2023-09-06T10:59:59 IST" name="afterMethod" finished-at="2023-09-06T11:00:01 IST" duration-ms="2001" status="PASS">
          <reporter-output>
          </reporter-output>
        </test-method> <!-- afterMethod -->
      </class> <!-- testCase.TC01 -->
    </test> <!-- Default test -->
  </suite> <!-- Default suite -->
</testng-results>
